<?xml version="1.0" encoding="utf-8"?><testsuites name="pytest tests"><testsuite name="pytest" errors="0" failures="0" skipped="0" tests="15" time="1.713" timestamp="2026-08-30T08:10:21.979897+00:00" hostname="agent-env-acf92cd1-51f6-465e-88bd-cf255879c826"><testcase classname="tests.test_voucher_get_endpoints.TestExpenseGetEndpoint" name="test_get_expense_by_id" time="0.463" /><testcase classname="tests.test_voucher_get_endpoints.TestExpenseGetEndpoint" name="test_get_expense_invalid_id_404" time="0.003" /><testcase classname="tests.test_voucher_attachments.TestInvoiceAttachments" name="test_upload_first_attachment" time="0.649" /><testcase classname="tests.test_voucher_get_endpoints.TestExpenseGetEndpoint" name="test_expense_attachment_lifecycle_via_get" time="0.196" /><testcase classname="tests.test_voucher_attachments.TestInvoiceAttachments" name="test_upload_second_attachment_and_get" time="0.407" /><testcase classname="tests.test_voucher_get_endpoints.TestIncomeGetEndpoint" name="test_get_income_by_id" time="0.007" /><testcase classname="tests.test_voucher_get_endpoints.TestIncomeGetEndpoint" name="test_get_income_invalid_id_404" time="0.003" /><testcase classname="tests.test_voucher_get_endpoints.TestIncomeGetEndpoint" name="test_income_attachment_lifecycle_via_get" time="0.151" /><testcase classname="tests.test_voucher_attachments.TestExpenseAttachments" name="test_upload_and_delete" time="0.383" /><testcase classname="tests.test_voucher_attachments.TestInvoiceAttachments" name="test_delete_one_attachment" time="0.008" /><testcase classname="tests.test_voucher_attachments.TestInvoiceAttachments" name="test_upload_exceeds_10mb" time="0.037" /><testcase classname="tests.test_voucher_attachments.TestInvoiceAttachments" name="test_invalid_iid_upload_returns_404" time="0.003" /><testcase classname="tests.test_voucher_attachments.TestInvoiceAttachments" name="test_invalid_iid_delete_returns_404" time="0.003" /><testcase classname="tests.test_voucher_attachments.TestExpenseAttachments" name="test_upload_exceeds_10mb" time="0.033" /><testcase classname="tests.test_voucher_attachments.TestIncomeAttachments" name="test_upload_and_delete" time="0.136" /></testsuite></testsuites>