<?xml version="1.0" encoding="utf-8"?><testsuites name="pytest tests"><testsuite name="pytest" errors="0" failures="0" skipped="0" tests="21" time="0.945" timestamp="2026-09-04T08:11:34.730361+00:00" hostname="agent-env-acf92cd1-51f6-465e-88bd-cf255879c826"><testcase classname="tests.test_customer_pdf_bulk_iter15.TestCustomerPDF" name="test_list_pick_customer" time="0.688" /><testcase classname="tests.test_customer_pdf_bulk_iter15.TestCustomerPDF" name="test_pdf_admin_bearer" time="0.045" /><testcase classname="tests.test_customer_pdf_bulk_iter15.TestCustomerPDF" name="test_pdf_manager_bearer" time="0.015" /><testcase classname="tests.test_customer_pdf_bulk_iter15.TestCustomerPDF" name="test_pdf_employee_bearer" time="0.014" /><testcase classname="tests.test_customer_pdf_bulk_iter15.TestCustomerPDF" name="test_pdf_query_token" time="0.014" /><testcase classname="tests.test_customer_pdf_bulk_iter15.TestCustomerPDF" name="test_pdf_missing_token" time="0.002" /><testcase classname="tests.test_customer_pdf_bulk_iter15.TestCustomerPDF" name="test_pdf_invalid_token" time="0.002" /><testcase classname="tests.test_customer_pdf_bulk_iter15.TestCustomerPDF" name="test_pdf_invalid_cid" time="0.003" /><testcase classname="tests.test_customer_pdf_bulk_iter15.TestBulkDelete" name="test_create_three" time="0.014" /><testcase classname="tests.test_customer_pdf_bulk_iter15.TestBulkDelete" name="test_manager_forbidden" time="0.011" /><testcase classname="tests.test_customer_pdf_bulk_iter15.TestBulkDelete" name="test_employee_forbidden" time="0.003" /><testcase classname="tests.test_customer_pdf_bulk_iter15.TestBulkDelete" name="test_admin_success_deletes_two" time="0.011" /><testcase classname="tests.test_customer_pdf_bulk_iter15.TestBulkDelete" name="test_empty_ids" time="0.003" /><testcase classname="tests.test_customer_pdf_bulk_iter15.TestBulkDelete" name="test_nonexistent_ids" time="0.003" /><testcase classname="tests.test_customer_pdf_bulk_iter15.TestBulkDelete" name="test_cleanup_c3" time="0.006" /><testcase classname="tests.test_customer_pdf_bulk_iter15.TestRegressionRoleGates" name="test_setup_customer" time="0.004" /><testcase classname="tests.test_customer_pdf_bulk_iter15.TestRegressionRoleGates" name="test_manager_put_allowed" time="0.004" /><testcase classname="tests.test_customer_pdf_bulk_iter15.TestRegressionRoleGates" name="test_employee_put_forbidden" time="0.003" /><testcase classname="tests.test_customer_pdf_bulk_iter15.TestRegressionRoleGates" name="test_manager_delete_forbidden" time="0.005" /><testcase classname="tests.test_customer_pdf_bulk_iter15.TestRegressionRoleGates" name="test_employee_delete_forbidden" time="0.003" /><testcase classname="tests.test_customer_pdf_bulk_iter15.TestRegressionRoleGates" name="test_cleanup_admin_delete" time="0.003" /></testsuite></testsuites>