<?xml version="1.0" encoding="utf-8"?><testsuites name="pytest tests"><testsuite name="pytest" errors="0" failures="0" skipped="0" tests="14" time="0.369" timestamp="2026-08-31T16:26:00.323734+00:00" hostname="agent-env-acf92cd1-51f6-465e-88bd-cf255879c826"><testcase classname="tests.test_customer_code_iter13.TestNewFormatOnCreation" name="test_quick_new_format_and_padding" time="0.232" /><testcase classname="tests.test_customer_code_iter13.TestNewFormatOnCreation" name="test_quick_monotonic_increment" time="0.004" /><testcase classname="tests.test_customer_code_iter13.TestNewFormatOnCreation" name="test_full_post_customers_new_format" time="0.004" /><testcase classname="tests.test_customer_code_iter13.TestLegacyMigration" name="test_no_legacy_codes_remain" time="0.005" /><testcase classname="tests.test_customer_code_iter13.TestLegacyMigration" name="test_all_codes_are_new_format" time="0.005" /><testcase classname="tests.test_customer_code_iter13.TestLegacyMigration" name="test_codes_unique_and_monotonic_from_one" time="0.005" /><testcase classname="tests.test_customer_code_iter13.TestNumericSearch" name="test_seed_and_grab_target" time="0.004" /><testcase classname="tests.test_customer_code_iter13.TestNumericSearch" name="test_search_by_full_padded" time="0.003" /><testcase classname="tests.test_customer_code_iter13.TestNumericSearch" name="test_search_by_plain_integer" time="0.003" /><testcase classname="tests.test_customer_code_iter13.TestNumericSearch" name="test_search_by_1_returns_seq1" time="0.005" /><testcase classname="tests.test_customer_code_iter13.TestNumericSearch" name="test_search_no_match_empty" time="0.003" /><testcase classname="tests.test_customer_code_iter13.TestRegressions" name="test_quick_duplicate_mobile_still_409" time="0.006" /><testcase classname="tests.test_customer_code_iter13.TestRegressions" name="test_full_post_missing_mandatory_400" time="0.002" /><testcase classname="tests.test_customer_code_iter13.TestRegressions" name="test_auto_task_denormalised_customer_code_new_format" time="0.015" /></testsuite></testsuites>