<?xml version="1.0" encoding="utf-8"?><testsuites name="pytest tests"><testsuite name="pytest" errors="0" failures="0" skipped="0" tests="17" time="0.416" timestamp="2026-08-30T10:54:29.885434+00:00" hostname="agent-env-acf92cd1-51f6-465e-88bd-cf255879c826"><testcase classname="tests.test_auto_task_on_invoice.TestTaskCustomerFields" name="test_create_task_with_customer_fields" time="0.232" /><testcase classname="tests.test_auto_task_on_invoice.TestTaskCustomerFields" name="test_patch_task_partial_customer_field" time="0.006" /><testcase classname="tests.test_auto_task_on_invoice.TestTaskCustomerFields" name="test_cleanup" time="0.003" /><testcase classname="tests.test_auto_task_on_invoice.TestServiceTasksCRUD" name="test_list_seeds_defaults" time="0.020" /><testcase classname="tests.test_auto_task_on_invoice.TestServiceTasksCRUD" name="test_patch_dsc_setting_assignee" time="0.006" /><testcase classname="tests.test_auto_task_on_invoice.TestServiceTasksCRUD" name="test_create_tds_service" time="0.006" /><testcase classname="tests.test_auto_task_on_invoice.TestServiceTasksCRUD" name="test_label_only_post_ergonomics" time="0.000" /><testcase classname="tests.test_auto_task_on_invoice.TestServiceTasksCRUD" name="test_duplicate_tds_returns_409" time="0.003" /><testcase classname="tests.test_auto_task_on_invoice.TestServiceTasksCRUD" name="test_delete_tds_row" time="0.003" /><testcase classname="tests.test_auto_task_on_invoice.TestAutoTaskToggle" name="test_default_toggle_true" time="0.006" /><testcase classname="tests.test_auto_task_on_invoice.TestAutoTaskToggle" name="test_disable_and_reflect" time="0.006" /><testcase classname="tests.test_auto_task_on_invoice.TestAutoTaskToggle" name="test_reenable" time="0.003" /><testcase classname="tests.test_auto_task_on_invoice.TestAutoTaskHookOnInvoice" name="test_precondition_dsc_configured" time="0.010" /><testcase classname="tests.test_auto_task_on_invoice.TestAutoTaskHookOnInvoice" name="test_create_sale_invoice_spawns_two_tasks" time="0.015" /><testcase classname="tests.test_auto_task_on_invoice.TestAutoTaskHookOnInvoice" name="test_toggle_off_suppresses_tasks" time="0.017" /><testcase classname="tests.test_auto_task_on_invoice.TestAutoTaskHookOnInvoice" name="test_purchase_invoice_does_not_trigger" time="0.011" /><testcase classname="tests.test_auto_task_on_invoice.TestAutoTaskGuardRails" name="test_unmatched_item_uses_fallback_setting" time="0.017" /></testsuite></testsuites>