<?xml version="1.0" encoding="utf-8"?><testsuites name="pytest tests"><testsuite name="pytest" errors="0" failures="0" skipped="0" tests="18" time="1.448" timestamp="2026-08-30T11:51:39.444380+00:00" hostname="agent-env-acf92cd1-51f6-465e-88bd-cf255879c826"><testcase classname="tests.test_invoice_pdf_patch_iter7.TestPaymentModePersistence" name="test_payment_mode_persists[upi]" time="0.486" /><testcase classname="tests.test_invoice_pdf_patch_iter7.TestInvoicePDF" name="test_pdf_header_auth" time="0.520" /><testcase classname="tests.test_invoice_pdf_patch_iter7.TestPaymentModePersistence" name="test_payment_mode_persists[cheque]" time="0.056" /><testcase classname="tests.test_invoice_pdf_patch_iter7.TestInvoicePDF" name="test_pdf_query_token" time="0.012" /><testcase classname="tests.test_invoice_pdf_patch_iter7.TestInvoicePDF" name="test_pdf_missing_token" time="0.002" /><testcase classname="tests.test_invoice_pdf_patch_iter7.TestInvoicePDF" name="test_pdf_invalid_token" time="0.003" /><testcase classname="tests.test_invoice_pdf_patch_iter7.TestInvoicePDF" name="test_pdf_invalid_iid" time="0.003" /><testcase classname="tests.test_invoice_pdf_patch_iter7.TestPaymentModePersistence" name="test_payment_mode_persists[bank_transfer]" time="0.246" /><testcase classname="tests.test_invoice_pdf_patch_iter7.TestInvoicePDF" name="test_pdf_employee_allowed" time="0.237" /><testcase classname="tests.test_invoice_pdf_patch_iter7.TestPaymentModePersistence" name="test_payment_mode_persists[cash]" time="0.016" /><testcase classname="tests.test_invoice_pdf_patch_iter7.TestPatchInvoice" name="test_patch_full_pay" time="0.017" /><testcase classname="tests.test_invoice_pdf_patch_iter7.TestPaymentModePersistence" name="test_payment_mode_persists[other]" time="0.019" /><testcase classname="tests.test_invoice_pdf_patch_iter7.TestPatchInvoice" name="test_patch_change_mode_and_add_item" time="0.020" /><testcase classname="tests.test_invoice_pdf_patch_iter7.TestPatchInvoice" name="test_patch_invalid_id_404" time="0.004" /><testcase classname="tests.test_invoice_pdf_patch_iter7.TestPaymentModePersistence" name="test_default_payment_mode_is_cash" time="0.013" /><testcase classname="tests.test_invoice_pdf_patch_iter7.TestPatchInvoice" name="test_patch_employee_forbidden" time="0.240" /><testcase classname="tests.test_invoice_pdf_patch_iter7.TestDeleteInvoice" name="test_delete_employee_forbidden" time="0.241" /><testcase classname="tests.test_invoice_pdf_patch_iter7.TestDeleteInvoice" name="test_delete_admin_ok" time="0.015" /></testsuite></testsuites>