<?xml version="1.0" encoding="utf-8"?><testsuites name="pytest tests"><testsuite name="pytest" errors="0" failures="0" skipped="0" tests="9" time="2.959" timestamp="2026-08-30T07:28:20.636549+00:00" hostname="agent-env-acf92cd1-51f6-465e-88bd-cf255879c826"><testcase classname="tests.test_voucher_attachments.TestExpenseAttachments" name="test_upload_and_delete" time="1.093" /><testcase classname="tests.test_voucher_attachments.TestInvoiceAttachments" name="test_upload_first_attachment" time="1.166" /><testcase classname="tests.test_voucher_attachments.TestExpenseAttachments" name="test_upload_exceeds_10mb" time="0.660" /><testcase classname="tests.test_voucher_attachments.TestInvoiceAttachments" name="test_upload_second_attachment_and_get" time="0.416" /><testcase classname="tests.test_voucher_attachments.TestInvoiceAttachments" name="test_delete_one_attachment" time="0.271" /><testcase classname="tests.test_voucher_attachments.TestIncomeAttachments" name="test_upload_and_delete" time="0.506" /><testcase classname="tests.test_voucher_attachments.TestInvoiceAttachments" name="test_upload_exceeds_10mb" time="0.599" /><testcase classname="tests.test_voucher_attachments.TestInvoiceAttachments" name="test_invalid_iid_upload_returns_404" time="0.104" /><testcase classname="tests.test_voucher_attachments.TestInvoiceAttachments" name="test_invalid_iid_delete_returns_404" time="0.100" /></testsuite></testsuites>