<?xml version="1.0" encoding="utf-8"?><testsuites name="pytest tests"><testsuite name="pytest" errors="0" failures="0" skipped="0" tests="18" time="5.669" timestamp="2026-08-31T15:12:57.739577+00:00" hostname="agent-env-acf92cd1-51f6-465e-88bd-cf255879c826"><testcase classname="tests.test_tasks_bulk_delete_iter12.TestTaskBulkDelete" name="test_3a_create_three_tasks" time="1.327" /><testcase classname="tests.test_tasks_bulk_delete_iter12.TestTaskPatchPermissions" name="test_1a_create_task_as_admin" time="1.115" /><testcase classname="tests.test_tasks_bulk_delete_iter12.TestTaskPatchPermissions" name="test_1b_patch_as_admin" time="0.280" /><testcase classname="tests.test_tasks_bulk_delete_iter12.TestTaskBulkDelete" name="test_3b_bulk_delete_as_manager_forbidden" time="1.402" /><testcase classname="tests.test_tasks_bulk_delete_iter12.TestTaskPatchPermissions" name="test_1c_patch_as_manager" time="0.934" /><testcase classname="tests.test_tasks_bulk_delete_iter12.TestTaskPatchPermissions" name="test_1d_patch_as_employee_forbidden" time="0.871" /><testcase classname="tests.test_tasks_bulk_delete_iter12.TestTaskPatchPermissions" name="test_1e_patch_invalid_tid_404" time="0.147" /><testcase classname="tests.test_tasks_bulk_delete_iter12.TestTaskBulkDelete" name="test_3c_bulk_delete_as_employee_forbidden" time="1.131" /><testcase classname="tests.test_tasks_bulk_delete_iter12.TestTaskPatchPermissions" name="test_1f_cleanup" time="0.258" /><testcase classname="tests.test_tasks_bulk_delete_iter12.TestTaskDeletePermissions" name="test_2a_create_task_as_admin" time="0.215" /><testcase classname="tests.test_tasks_bulk_delete_iter12.TestTaskDeletePermissions" name="test_2b_delete_as_manager_forbidden" time="0.397" /><testcase classname="tests.test_tasks_bulk_delete_iter12.TestTaskBulkDelete" name="test_3d_bulk_delete_as_admin_ok" time="0.797" /><testcase classname="tests.test_tasks_bulk_delete_iter12.TestTaskDeletePermissions" name="test_2c_delete_as_employee_forbidden" time="0.356" /><testcase classname="tests.test_tasks_bulk_delete_iter12.TestTaskDeletePermissions" name="test_2d_delete_as_admin_ok" time="0.434" /><testcase classname="tests.test_tasks_bulk_delete_iter12.TestTaskBulkDelete" name="test_3e_bulk_delete_empty_ids" time="0.220" /><testcase classname="tests.test_tasks_bulk_delete_iter12.TestTaskBulkDelete" name="test_3f_bulk_delete_nonexistent_ids" time="0.283" /><testcase classname="tests.test_tasks_bulk_delete_iter12.TestRouteOrdering" name="test_4a_bulk_delete_route_reachable" time="0.212" /><testcase classname="tests.test_tasks_bulk_delete_iter12.TestTaskBulkDelete" name="test_3g_cleanup_c3" time="0.162" /></testsuite></testsuites>