<?xml version="1.0" encoding="utf-8"?><testsuites name="pytest tests"><testsuite name="pytest" errors="0" failures="0" skipped="0" tests="21" time="0.867" timestamp="2026-08-31T17:15:26.213200+00:00" hostname="agent-env-acf92cd1-51f6-465e-88bd-cf255879c826"><testcase classname="tests.test_crud_permissions_iter14.TestCustomerPut" name="test_01_admin_creates_customer_A" time="0.705" /><testcase classname="tests.test_crud_permissions_iter14.TestCustomerPut" name="test_02_admin_put_full_body_updates_address" time="0.006" /><testcase classname="tests.test_crud_permissions_iter14.TestCustomerPut" name="test_03_manager_put_updates_name" time="0.005" /><testcase classname="tests.test_crud_permissions_iter14.TestCustomerPut" name="test_04_employee_put_forbidden" time="0.002" /><testcase classname="tests.test_crud_permissions_iter14.TestCustomerPut" name="test_05_admin_put_invalid_cid_404" time="0.003" /><testcase classname="tests.test_crud_permissions_iter14.TestCustomerPut" name="test_06_cleanup_cust_a" time="0.003" /><testcase classname="tests.test_crud_permissions_iter14.TestCustomerDelete" name="test_01_admin_creates_customer_B" time="0.004" /><testcase classname="tests.test_crud_permissions_iter14.TestCustomerDelete" name="test_02_manager_delete_forbidden" time="0.005" /><testcase classname="tests.test_crud_permissions_iter14.TestCustomerDelete" name="test_03_employee_delete_forbidden" time="0.002" /><testcase classname="tests.test_crud_permissions_iter14.TestCustomerDelete" name="test_04_admin_delete_ok" time="0.005" /><testcase classname="tests.test_crud_permissions_iter14.TestEmployeePatch" name="test_01_pick_existing_employee" time="0.005" /><testcase classname="tests.test_crud_permissions_iter14.TestEmployeePatch" name="test_02_admin_patch_name" time="0.008" /><testcase classname="tests.test_crud_permissions_iter14.TestEmployeePatch" name="test_03_manager_patch_name_and_designation" time="0.003" /><testcase classname="tests.test_crud_permissions_iter14.TestEmployeePatch" name="test_04_employee_patch_forbidden" time="0.002" /><testcase classname="tests.test_crud_permissions_iter14.TestEmployeePatch" name="test_05_restore_original" time="0.003" /><testcase classname="tests.test_crud_permissions_iter14.TestEmployeeDelete" name="test_01_create_fresh_employee" time="0.005" /><testcase classname="tests.test_crud_permissions_iter14.TestEmployeeDelete" name="test_02_manager_delete_forbidden" time="0.002" /><testcase classname="tests.test_crud_permissions_iter14.TestEmployeeDelete" name="test_03_employee_delete_forbidden" time="0.002" /><testcase classname="tests.test_crud_permissions_iter14.TestEmployeeDelete" name="test_04_admin_delete_ok" time="0.005" /><testcase classname="tests.test_crud_permissions_iter14.TestQuickDuplicateRegression" name="test_01_create_and_duplicate_admin" time="0.011" /><testcase classname="tests.test_crud_permissions_iter14.TestQuickDuplicateRegression" name="test_99_cleanup" time="0.003" /></testsuite></testsuites>