<?xml version="1.0" encoding="utf-8"?><testsuites name="pytest tests"><testsuite name="pytest" errors="0" failures="0" skipped="0" tests="11" time="1.134" timestamp="2026-09-04T10:42:29.266590+00:00" hostname="agent-env-acf92cd1-51f6-465e-88bd-cf255879c826"><testcase classname="tests.test_health_and_auth_iter16.TestHealth" name="test_root_health" time="0.003" /><testcase classname="tests.test_health_and_auth_iter16.TestHealth" name="test_api_health" time="0.002" /><testcase classname="tests.test_health_and_auth_iter16.TestAuthLoginRegression" name="test_admin_login_returns_session_token" time="0.230" /><testcase classname="tests.test_health_and_auth_iter16.TestAuthLoginRegression" name="test_admin_token_usable_on_me" time="0.005" /><testcase classname="tests.test_health_and_auth_iter16.TestAuthLoginRegression" name="test_wrong_password_still_401" time="0.224" /><testcase classname="tests.test_health_and_auth_iter16.TestSessionExchangeDefaultUpstream" name="test_fake_session_returns_401" time="0.100" /><testcase classname="tests.test_health_and_auth_iter16.TestSessionExchangeDefaultUpstream" name="test_missing_session_id_422" time="0.002" /><testcase classname="tests.test_health_and_auth_iter16.TestIter15Regression" name="test_customer_pdf_admin" time="0.470" /><testcase classname="tests.test_health_and_auth_iter16.TestIter15Regression" name="test_customer_pdf_missing_token_401" time="0.005" /><testcase classname="tests.test_health_and_auth_iter16.TestIter15Regression" name="test_bulk_delete_admin_flow" time="0.016" /><testcase classname="tests.test_health_and_auth_iter16.TestIter15Regression" name="test_bulk_delete_manager_forbidden" time="0.002" /></testsuite></testsuites>