<?xml version="1.0" encoding="utf-8"?><testsuites name="pytest tests"><testsuite name="pytest" errors="0" failures="0" skipped="0" tests="27" time="1.574" timestamp="2026-08-30T03:57:44.286510+00:00" hostname="agent-env-acf92cd1-51f6-465e-88bd-cf255879c826"><testcase classname="tests.test_accounts_phase2.TestInvoices" name="test_create_sale_invoice_gst_calc" time="0.462" /><testcase classname="tests.test_accounts_phase2.TestCustomerSearchAndDuplicate" name="test_create_base_customer_success" time="0.456" /><testcase classname="tests.test_accounts_phase2.TestCustomerSearchAndDuplicate" name="test_search_by_mobile_substring" time="0.004" /><testcase classname="tests.test_accounts_phase2.TestCustomerSearchAndDuplicate" name="test_search_by_customer_code" time="0.005" /><testcase classname="tests.test_accounts_phase2.TestInvoices" name="test_duplicate_sale_invoice_409" time="0.004" /><testcase classname="tests.test_accounts_phase2.TestCustomerSearchAndDuplicate" name="test_search_by_pan_prefix" time="0.004" /><testcase classname="tests.test_accounts_phase2.TestInvoices" name="test_create_purchase_bill_prefix" time="0.009" /><testcase classname="tests.test_accounts_phase2.TestCustomerSearchAndDuplicate" name="test_search_by_email" time="0.004" /><testcase classname="tests.test_accounts_phase2.TestCustomerSearchAndDuplicate" name="test_search_by_gst" time="0.005" /><testcase classname="tests.test_accounts_phase2.TestInvoices" name="test_list_invoices_filter_by_type" time="0.004" /><testcase classname="tests.test_accounts_phase2.TestCustomerSearchAndDuplicate" name="test_search_by_name_case_insensitive" time="0.004" /><testcase classname="tests.test_accounts_phase2.TestInvoices" name="test_list_invoices_filter_by_party" time="0.004" /><testcase classname="tests.test_accounts_phase2.TestCustomerSearchAndDuplicate" name="test_search_empty_returns_recent_customers" time="0.004" /><testcase classname="tests.test_accounts_phase2.TestInvoices" name="test_list_invoices_filter_by_date_range" time="0.004" /><testcase classname="tests.test_accounts_phase2.TestCustomerSearchAndDuplicate" name="test_dup_by_mobile" time="0.004" /><testcase classname="tests.test_accounts_phase2.TestInvoices" name="test_delete_invoice_admin" time="0.241" /><testcase classname="tests.test_accounts_phase2.TestCustomerSearchAndDuplicate" name="test_dup_by_pan" time="0.003" /><testcase classname="tests.test_accounts_phase2.TestCustomerSearchAndDuplicate" name="test_dup_by_gst" time="0.225" /><testcase classname="tests.test_accounts_phase2.TestCustomerSearchAndDuplicate" name="test_dup_by_email" time="0.004" /><testcase classname="tests.test_accounts_phase2.TestCustomerSearchAndDuplicate" name="test_dup_by_whatsapp" time="0.004" /><testcase classname="tests.test_accounts_phase2.TestItems" name="test_create_item" time="0.005" /><testcase classname="tests.test_accounts_phase2.TestCustomerSearchAndDuplicate" name="test_quick_add_dup_by_mobile" time="0.003" /><testcase classname="tests.test_accounts_phase2.TestCustomerSearchAndDuplicate" name="test_put_customer_dup_by_alt_mobile" time="0.238" /><testcase classname="tests.test_accounts_phase2.TestItems" name="test_create_item_duplicate_name_case_insensitive" time="0.003" /><testcase classname="tests.test_accounts_phase2.TestItems" name="test_get_items_search" time="0.003" /><testcase classname="tests.test_accounts_phase2.TestItems" name="test_patch_item" time="0.229" /><testcase classname="tests.test_accounts_phase2.TestItems" name="test_delete_item_admin" time="0.228" /></testsuite></testsuites>