<?xml version="1.0" encoding="utf-8"?><testsuites name="pytest tests"><testsuite name="pytest" errors="0" failures="1" skipped="0" tests="43" time="6.012" timestamp="2026-08-27T06:39:08.125013+00:00" hostname="agent-env-acf92cd1-51f6-465e-88bd-cf255879c826"><testcase classname="tests.backend_test.TestAuth" name="test_root" time="0.520" /><testcase classname="tests.backend_test.TestCustomers" name="test_create_customer_as_employee" time="0.645" /><testcase classname="tests.backend_test.TestAuth" name="test_login_admin" time="0.469" /><testcase classname="tests.backend_test.TestCustomers" name="test_list_customers" time="0.833" /><testcase classname="tests.backend_test.TestAuth" name="test_login_manager" time="0.446" /><testcase classname="tests.backend_test.TestCustomers" name="test_get_customer" time="0.335" /><testcase classname="tests.backend_test.TestAuth" name="test_login_employee" time="0.364" /><testcase classname="tests.backend_test.TestAuth" name="test_login_invalid" time="0.346" /><testcase classname="tests.backend_test.TestCustomers" name="test_update_customer" time="0.334" /><testcase classname="tests.backend_test.TestAuth" name="test_me" time="0.174" /><testcase classname="tests.backend_test.TestCustomers" name="test_delete_customer_employee_forbidden" time="0.130" /><testcase classname="tests.backend_test.TestCustomers" name="test_delete_customer_admin" time="0.653" /><testcase classname="tests.backend_test.TestAuth" name="test_me_no_token" time="0.180" /><testcase classname="tests.backend_test.TestAuth" name="test_signup_and_logout" time="0.322"><failure message="AssertionError: assert 'test_c56082e4@triveni.com' == 'TEST_c56082e4@triveni.com'&#10;  &#10;  - TEST_c56082e4@triveni.com&#10;  ? ^^^^&#10;  + test_c56082e4@triveni.com&#10;  ? ^^^^">backend/tests/backend_test.py:86: in test_signup_and_logout
    assert body["user"]["email"] == email
E   AssertionError: assert 'test_c56082e4@triveni.com' == 'TEST_c56082e4@triveni.com'
E     
E     - TEST_c56082e4@triveni.com
E     ? ^^^^
E     + test_c56082e4@triveni.com
E     ? ^^^^</failure></testcase><testcase classname="tests.backend_test.TestAccounts" name="test_employee_cannot_create" time="0.152" /><testcase classname="tests.backend_test.TestTasks" name="test_create_task_assigned_to_employee" time="0.143" /><testcase classname="tests.backend_test.TestAccounts" name="test_manager_creates" time="0.166" /><testcase classname="tests.backend_test.TestTasks" name="test_create_task_admin_only" time="0.109" /><testcase classname="tests.backend_test.TestAccounts" name="test_list_accounts_all_roles" time="0.111" /><testcase classname="tests.backend_test.TestTasks" name="test_employee_sees_only_own" time="0.147" /><testcase classname="tests.backend_test.TestAccounts" name="test_update_account_manager" time="0.135" /><testcase classname="tests.backend_test.TestTasks" name="test_admin_sees_all" time="0.122" /><testcase classname="tests.backend_test.TestAccounts" name="test_delete_manager_forbidden" time="0.107" /><testcase classname="tests.backend_test.TestTasks" name="test_patch_task_status" time="0.135" /><testcase classname="tests.backend_test.TestAccounts" name="test_delete_admin" time="0.128" /><testcase classname="tests.backend_test.TestTasks" name="test_delete_task_admin" time="0.274" /><testcase classname="tests.backend_test.TestTenders" name="test_create_tender" time="0.113" /><testcase classname="tests.backend_test.TestTenders" name="test_list_get_update" time="0.339" /><testcase classname="tests.backend_test.TestEmployees" name="test_employee_cannot_create" time="0.113" /><testcase classname="tests.backend_test.TestTenders" name="test_upload_and_download" time="0.710" /><testcase classname="tests.backend_test.TestEmployees" name="test_manager_can_create" time="0.456" /><testcase classname="tests.backend_test.TestEmployees" name="test_list_employees_any_role" time="0.160" /><testcase classname="tests.backend_test.TestEmployees" name="test_manager_cannot_delete" time="0.135" /><testcase classname="tests.backend_test.TestEmployees" name="test_admin_can_delete" time="0.207" /><testcase classname="tests.backend_test.TestTenders" name="test_download_requires_auth" time="0.122" /><testcase classname="tests.backend_test.TestTenders" name="test_delete_tender_employee_forbidden" time="0.115" /><testcase classname="tests.backend_test.TestHR" name="test_mark_attendance_idempotent" time="0.239" /><testcase classname="tests.backend_test.TestTenders" name="test_delete_tender_admin" time="0.185" /><testcase classname="tests.backend_test.TestHR" name="test_list_attendance_employee_own_only" time="0.105" /><testcase classname="tests.backend_test.TestDashboard" name="test_summary" time="0.117" /><testcase classname="tests.backend_test.TestHR" name="test_leave_request" time="0.126" /><testcase classname="tests.backend_test.TestHR" name="test_leave_decision_employee_forbidden" time="0.133" /><testcase classname="tests.backend_test.TestHR" name="test_leave_decision_manager" time="0.107" /></testsuite></testsuites>